<?xml version="1.0" encoding="UTF-8"?>
<testsuite name="com.jojoldu.book.springboot.web.HelloControllerTest" tests="2" skipped="0" failures="0" errors="0" timestamp="2021-12-09T19:38:28" hostname="DESKTOP-OHKMBDO" time="0.103">
  <properties/>
  <testcase name="hello가_리턴된다" classname="com.jojoldu.book.springboot.web.HelloControllerTest" time="0.048"/>
  <testcase name="helloDto가_리턴된다" classname="com.jojoldu.book.springboot.web.HelloControllerTest" time="0.055"/>
  <system-out><![CDATA[2021-12-10 04:38:27.386  INFO 7644 --- [    Test worker] .b.t.a.w.s.WebMvcTestContextBootstrapper : Neither @ContextConfiguration nor @ContextHierarchy found for test class [com.jojoldu.book.springboot.web.HelloControllerTest], using SpringBootContextLoader
2021-12-10 04:38:27.386  INFO 7644 --- [    Test worker] o.s.t.c.support.AbstractContextLoader    : Could not detect default resource locations for test class [com.jojoldu.book.springboot.web.HelloControllerTest]: no resource found for suffixes {-context.xml, Context.groovy}.
2021-12-10 04:38:27.386  INFO 7644 --- [    Test worker] t.c.s.AnnotationConfigContextLoaderUtils : Could not detect default configuration classes for test class [com.jojoldu.book.springboot.web.HelloControllerTest]: HelloControllerTest does not declare any static, non-private, non-final, nested classes annotated with @Configuration.
2021-12-10 04:38:27.418  INFO 7644 --- [    Test worker] .b.t.c.SpringBootTestContextBootstrapper : Found @SpringBootConfiguration com.jojoldu.book.springboot.Application for test class com.jojoldu.book.springboot.web.HelloControllerTest
2021-12-10 04:38:27.418  INFO 7644 --- [    Test worker] .b.t.a.w.s.WebMvcTestContextBootstrapper : Loaded default TestExecutionListener class names from location [META-INF/spring.factories]: [org.springframework.security.test.context.support.WithSecurityContextTestExecutionListener, org.springframework.security.test.context.support.ReactorContextTestExecutionListener, org.springframework.boot.test.autoconfigure.restdocs.RestDocsTestExecutionListener, org.springframework.boot.test.autoconfigure.web.client.MockRestServiceServerResetTestExecutionListener, org.springframework.boot.test.autoconfigure.web.servlet.MockMvcPrintOnlyOnFailureTestExecutionListener, org.springframework.boot.test.autoconfigure.web.servlet.WebDriverTestExecutionListener, org.springframework.boot.test.mock.mockito.MockitoTestExecutionListener, org.springframework.boot.test.mock.mockito.ResetMocksTestExecutionListener, org.springframework.test.context.web.ServletTestExecutionListener, org.springframework.test.context.support.DirtiesContextBeforeModesTestExecutionListener, org.springframework.test.context.support.DependencyInjectionTestExecutionListener, org.springframework.test.context.support.DirtiesContextTestExecutionListener, org.springframework.test.context.transaction.TransactionalTestExecutionListener, org.springframework.test.context.jdbc.SqlScriptsTestExecutionListener]
2021-12-10 04:38:27.418  INFO 7644 --- [    Test worker] .b.t.a.w.s.WebMvcTestContextBootstrapper : Using TestExecutionListeners: [org.springframework.test.context.web.ServletTestExecutionListener@1cf105c6, org.springframework.test.context.support.DirtiesContextBeforeModesTestExecutionListener@50fbb239, org.springframework.boot.test.mock.mockito.MockitoTestExecutionListener@7bebbd1a, org.springframework.boot.test.autoconfigure.SpringBootDependencyInjectionTestExecutionListener@6e8d9be2, org.springframework.test.context.support.DirtiesContextTestExecutionListener@7ac66cc0, org.springframework.test.context.transaction.TransactionalTestExecutionListener@772173db, org.springframework.test.context.jdbc.SqlScriptsTestExecutionListener@51040348, org.springframework.security.test.context.support.WithSecurityContextTestExecutionListener@53d4c001, org.springframework.security.test.context.support.ReactorContextTestExecutionListener@1a3d06d7, org.springframework.boot.test.autoconfigure.restdocs.RestDocsTestExecutionListener@667e11e0, org.springframework.boot.test.autoconfigure.web.client.MockRestServiceServerResetTestExecutionListener@17915024, org.springframework.boot.test.autoconfigure.web.servlet.MockMvcPrintOnlyOnFailureTestExecutionListener@62b04e1f, org.springframework.boot.test.autoconfigure.web.servlet.WebDriverTestExecutionListener@1049e720, org.springframework.boot.test.mock.mockito.ResetMocksTestExecutionListener@6ae05d8]

  .   ____          _            __ _ _
 /\\ / ___'_ __ _ _(_)_ __  __ _ \ \ \ \
( ( )\___ | '_ | '_| | '_ \/ _` | \ \ \ \
 \\/  ___)| |_)| | | | | || (_| |  ) ) ) )
  '  |____| .__|_| |_|_| |_\__, | / / / /
 =========|_|==============|___/=/_/_/_/
 :: Spring Boot ::        (v2.1.7.RELEASE)

2021-12-10 04:38:27.449  INFO 7644 --- [    Test worker] c.j.b.s.web.HelloControllerTest          : Starting HelloControllerTest on DESKTOP-OHKMBDO with PID 7644 (started by shyn7 in C:\Users\shyn7\IdeaProjects\freelec-springboot2-webservice)
2021-12-10 04:38:27.449  INFO 7644 --- [    Test worker] c.j.b.s.web.HelloControllerTest          : No active profile set, falling back to default profiles: default
2021-12-10 04:38:27.804  INFO 7644 --- [    Test worker] o.s.s.concurrent.ThreadPoolTaskExecutor  : Initializing ExecutorService 'applicationTaskExecutor'
2021-12-10 04:38:27.835  INFO 7644 --- [    Test worker] o.s.b.a.w.s.WelcomePageHandlerMapping    : Adding welcome page template: index
2021-12-10 04:38:27.993  INFO 7644 --- [    Test worker] .s.s.UserDetailsServiceAutoConfiguration : 

Using generated security password: 49615deb-d0b3-4357-aaba-f02be561f779

2021-12-10 04:38:28.088  INFO 7644 --- [    Test worker] o.s.s.web.DefaultSecurityFilterChain     : Creating filter chain: any request, [org.springframework.security.web.context.request.async.WebAsyncManagerIntegrationFilter@29f17e8, org.springframework.security.web.context.SecurityContextPersistenceFilter@2d172786, org.springframework.security.web.header.HeaderWriterFilter@57a2bf45, org.springframework.security.web.csrf.CsrfFilter@67cfd66, org.springframework.security.web.authentication.logout.LogoutFilter@587a99a4, org.springframework.security.web.authentication.UsernamePasswordAuthenticationFilter@73ed35fa, org.springframework.security.web.authentication.ui.DefaultLoginPageGeneratingFilter@5c5b07d2, org.springframework.security.web.authentication.ui.DefaultLogoutPageGeneratingFilter@1db4a675, org.springframework.security.web.authentication.www.BasicAuthenticationFilter@1fdbdda5, org.springframework.security.web.savedrequest.RequestCacheAwareFilter@ffcd366, org.springframework.security.web.servletapi.SecurityContextHolderAwareRequestFilter@4de60d4b, org.springframework.security.web.authentication.AnonymousAuthenticationFilter@5cc37693, org.springframework.security.web.session.SessionManagementFilter@3654ef1a, org.springframework.security.web.access.ExceptionTranslationFilter@510e68fa, org.springframework.security.web.access.intercept.FilterSecurityInterceptor@4e214525]
2021-12-10 04:38:28.119  INFO 7644 --- [    Test worker] o.s.b.t.m.w.SpringBootMockServletContext : Initializing Spring TestDispatcherServlet ''
2021-12-10 04:38:28.119  INFO 7644 --- [    Test worker] o.s.t.web.servlet.TestDispatcherServlet  : Initializing Servlet ''
2021-12-10 04:38:28.135  INFO 7644 --- [    Test worker] o.s.t.web.servlet.TestDispatcherServlet  : Completed initialization in 16 ms
2021-12-10 04:38:28.151  INFO 7644 --- [    Test worker] c.j.b.s.web.HelloControllerTest          : Started HelloControllerTest in 0.733 seconds (JVM running for 6.945)
]]></system-out>
  <system-err><![CDATA[]]></system-err>
</testsuite>
